<?xml version="1.0" encoding="UTF-8"?>
<coverage generated="1649202971334" clover="3.2.0">
  <project timestamp="1649202971334" name="All files">
    <metrics statements="75" coveredstatements="41" conditionals="14" coveredconditionals="5" methods="27" coveredmethods="15" elements="116" coveredelements="61" complexity="0" loc="75" ncloc="75" packages="3" files="5" classes="5"/>
    <package name="rfp2202-FEC">
      <metrics statements="2" coveredstatements="2" conditionals="0" coveredconditionals="0" methods="1" coveredmethods="1"/>
      <file name="sum.js" path="/Users/jerremystroman/Hackreactor/rfp2202-FEC/sum.js">
        <metrics statements="2" coveredstatements="2" conditionals="0" coveredconditionals="0" methods="1" coveredmethods="1"/>
        <line num="2" count="1" type="stmt"/>
        <line num="5" count="1" type="stmt"/>
      </file>
    </package>
    <package name="rfp2202-FEC.src.components.overview">
      <metrics statements="18" coveredstatements="10" conditionals="2" coveredconditionals="1" methods="7" coveredmethods="3"/>
      <file name="CartSelector.jsx" path="/Users/jerremystroman/Hackreactor/rfp2202-FEC/src/components/overview/CartSelector.jsx">
        <metrics statements="18" coveredstatements="10" conditionals="2" coveredconditionals="1" methods="7" coveredmethods="3"/>
        <line num="3" count="1" type="stmt"/>
        <line num="4" count="1" type="stmt"/>
        <line num="6" count="1" type="stmt"/>
        <line num="8" count="1" type="stmt"/>
        <line num="9" count="1" type="cond" truecount="1" falsecount="1"/>
        <line num="11" count="0" type="stmt"/>
        <line num="16" count="1" type="stmt"/>
        <line num="17" count="1" type="stmt"/>
        <line num="18" count="1" type="stmt"/>
        <line num="19" count="0" type="stmt"/>
        <line num="23" count="1" type="stmt"/>
        <line num="24" count="0" type="stmt"/>
        <line num="25" count="0" type="stmt"/>
        <line num="26" count="0" type="stmt"/>
        <line num="27" count="0" type="stmt"/>
        <line num="28" count="0" type="stmt"/>
        <line num="31" count="1" type="stmt"/>
        <line num="35" count="0" type="stmt"/>
      </file>
    </package>
    <package name="rfp2202-FEC.src.components.relatedItems">
      <metrics statements="55" coveredstatements="29" conditionals="12" coveredconditionals="4" methods="19" coveredmethods="11"/>
      <file name="Card.jsx" path="/Users/jerremystroman/Hackreactor/rfp2202-FEC/src/components/relatedItems/Card.jsx">
        <metrics statements="39" coveredstatements="17" conditionals="10" coveredconditionals="2" methods="11" coveredmethods="6"/>
        <line num="6" count="1" type="stmt"/>
        <line num="7" count="1" type="stmt"/>
        <line num="15" count="1" type="stmt"/>
        <line num="16" count="1" type="stmt"/>
        <line num="20" count="1" type="stmt"/>
        <line num="24" count="0" type="stmt"/>
        <line num="25" count="0" type="stmt"/>
        <line num="26" count="0" type="stmt"/>
        <line num="27" count="0" type="stmt"/>
        <line num="28" count="0" type="stmt"/>
        <line num="29" count="0" type="stmt"/>
        <line num="31" count="0" type="stmt"/>
        <line num="32" count="0" type="cond" truecount="0" falsecount="2"/>
        <line num="37" count="1" type="stmt"/>
        <line num="39" count="1" type="stmt"/>
        <line num="41" count="1" type="stmt"/>
        <line num="42" count="1" type="stmt"/>
        <line num="43" count="1" type="stmt"/>
        <line num="45" count="1" type="stmt"/>
        <line num="47" count="1" type="stmt"/>
        <line num="48" count="1" type="stmt"/>
        <line num="51" count="1" type="stmt"/>
        <line num="52" count="0" type="cond" truecount="0" falsecount="2"/>
        <line num="53" count="0" type="stmt"/>
        <line num="54" count="0" type="stmt"/>
        <line num="56" count="0" type="cond" truecount="0" falsecount="4"/>
        <line num="57" count="0" type="stmt"/>
        <line num="61" count="0" type="stmt"/>
        <line num="62" count="0" type="stmt"/>
        <line num="64" count="0" type="stmt"/>
        <line num="66" count="0" type="stmt"/>
        <line num="72" count="0" type="stmt"/>
        <line num="73" count="0" type="stmt"/>
        <line num="83" count="0" type="stmt"/>
        <line num="88" count="0" type="stmt"/>
        <line num="94" count="1" type="stmt"/>
        <line num="95" count="1" type="stmt"/>
        <line num="98" count="1" type="stmt"/>
        <line num="99" count="0" type="stmt"/>
      </file>
      <file name="CardList.jsx" path="/Users/jerremystroman/Hackreactor/rfp2202-FEC/src/components/relatedItems/CardList.jsx">
        <metrics statements="13" coveredstatements="9" conditionals="2" coveredconditionals="2" methods="6" coveredmethods="3"/>
        <line num="8" count="1" type="stmt"/>
        <line num="9" count="1" type="stmt"/>
        <line num="16" count="1" type="stmt"/>
        <line num="18" count="1" type="cond" truecount="2" falsecount="0"/>
        <line num="20" count="0" type="stmt"/>
        <line num="21" count="0" type="stmt"/>
        <line num="24" count="0" type="stmt"/>
        <line num="29" count="1" type="stmt"/>
        <line num="30" count="1" type="stmt"/>
        <line num="31" count="1" type="stmt"/>
        <line num="32" count="1" type="stmt"/>
        <line num="33" count="0" type="stmt"/>
        <line num="40" count="1" type="stmt"/>
      </file>
      <file name="RelatedItems.jsx" path="/Users/jerremystroman/Hackreactor/rfp2202-FEC/src/components/relatedItems/RelatedItems.jsx">
        <metrics statements="3" coveredstatements="3" conditionals="0" coveredconditionals="0" methods="2" coveredmethods="2"/>
        <line num="6" count="1" type="stmt"/>
        <line num="7" count="1" type="stmt"/>
        <line num="13" count="1" type="stmt"/>
      </file>
    </package>
  </project>
</coverage>
