{"/Users/jerremystroman/Hackreactor/rfp2202-FEC/sum.js": {"path":"/Users/jerremystroman/Hackreactor/rfp2202-FEC/sum.js","statementMap":{"0":{"start":{"line":2,"column":2},"end":{"line":2,"column":15}},"1":{"start":{"line":5,"column":0},"end":{"line":5,"column":21}}},"fnMap":{"0":{"name":"sum","decl":{"start":{"line":1,"column":9},"end":{"line":1,"column":12}},"loc":{"start":{"line":1,"column":19},"end":{"line":3,"column":1}},"line":1}},"branchMap":{},"s":{"0":1,"1":1},"f":{"0":1},"b":{},"_coverageSchema":"1a1c01bbd47fc00a2c39e90264f33305004495a9","hash":"0d29402a84c502548a2feb5dc4d348bec831e3ca"}
,"/Users/jerremystroman/Hackreactor/rfp2202-FEC/src/components/overview/CartSelector.jsx": {"path":"/Users/jerremystroman/Hackreactor/rfp2202-FEC/src/components/overview/CartSelector.jsx","statementMap":{"0":{"start":{"line":3,"column":19},"end":{"line":25,"column":1}},"1":{"start":{"line":4,"column":14},"end":{"line":10,"column":3}},"2":{"start":{"line":5,"column":4},"end":{"line":9,"column":37}},"3":{"start":{"line":7,"column":8},"end":{"line":7,"column":59}},"4":{"start":{"line":11,"column":2},"end":{"line":24,"column":4}}},"fnMap":{"0":{"name":"(anonymous_0)","decl":{"start":{"line":3,"column":19},"end":{"line":3,"column":20}},"loc":{"start":{"line":3,"column":31},"end":{"line":25,"column":1}},"line":3},"1":{"name":"(anonymous_1)","decl":{"start":{"line":4,"column":14},"end":{"line":4,"column":15}},"loc":{"start":{"line":4,"column":24},"end":{"line":10,"column":3}},"line":4},"2":{"name":"(anonymous_2)","decl":{"start":{"line":6,"column":28},"end":{"line":6,"column":29}},"loc":{"start":{"line":7,"column":8},"end":{"line":7,"column":59}},"line":7}},"branchMap":{"0":{"loc":{"start":{"line":5,"column":12},"end":{"line":9,"column":35}},"type":"cond-expr","locations":[{"start":{"line":6,"column":6},"end":{"line":8,"column":8}},{"start":{"line":9,"column":6},"end":{"line":9,"column":35}}],"line":5}},"s":{"0":1,"1":0,"2":0,"3":0,"4":0},"f":{"0":0,"1":0,"2":0},"b":{"0":[0,0]},"_coverageSchema":"1a1c01bbd47fc00a2c39e90264f33305004495a9","hash":"b2f9857beb47a0137ad6f3284e05848ed6d0166d"}
,"/Users/jerremystroman/Hackreactor/rfp2202-FEC/src/components/relatedItems/Card.jsx": {"path":"/Users/jerremystroman/Hackreactor/rfp2202-FEC/src/components/relatedItems/Card.jsx","statementMap":{"0":{"start":{"line":6,"column":4},"end":{"line":6,"column":17}},"1":{"start":{"line":7,"column":4},"end":{"line":14,"column":6}},"2":{"start":{"line":15,"column":4},"end":{"line":15,"column":49}},"3":{"start":{"line":16,"column":4},"end":{"line":16,"column":53}},"4":{"start":{"line":20,"column":4},"end":{"line":20,"column":22}},"5":{"start":{"line":24,"column":14},"end":{"line":24,"column":15}},"6":{"start":{"line":25,"column":23},"end":{"line":25,"column":24}},"7":{"start":{"line":26,"column":4},"end":{"line":30,"column":5}},"8":{"start":{"line":27,"column":18},"end":{"line":27,"column":39}},"9":{"start":{"line":28,"column":6},"end":{"line":28,"column":26}},"10":{"start":{"line":29,"column":6},"end":{"line":29,"column":28}},"11":{"start":{"line":31,"column":20},"end":{"line":31,"column":64}},"12":{"start":{"line":32,"column":4},"end":{"line":32,"column":41}},"13":{"start":{"line":37,"column":26},"end":{"line":37,"column":36}},"14":{"start":{"line":39,"column":4},"end":{"line":89,"column":9}},"15":{"start":{"line":41,"column":8},"end":{"line":41,"column":30}},"16":{"start":{"line":42,"column":19},"end":{"line":42,"column":37}},"17":{"start":{"line":43,"column":23},"end":{"line":43,"column":45}},"18":{"start":{"line":45,"column":8},"end":{"line":85,"column":13}},"19":{"start":{"line":47,"column":26},"end":{"line":47,"column":47}},"20":{"start":{"line":48,"column":31},"end":{"line":48,"column":35}},"21":{"start":{"line":51,"column":12},"end":{"line":59,"column":13}},"22":{"start":{"line":51,"column":25},"end":{"line":51,"column":26}},"23":{"start":{"line":52,"column":14},"end":{"line":55,"column":15}},"24":{"start":{"line":53,"column":16},"end":{"line":53,"column":42}},"25":{"start":{"line":54,"column":16},"end":{"line":54,"column":22}},"26":{"start":{"line":56,"column":14},"end":{"line":58,"column":15}},"27":{"start":{"line":57,"column":16},"end":{"line":57,"column":42}},"28":{"start":{"line":61,"column":32},"end":{"line":61,"column":59}},"29":{"start":{"line":62,"column":28},"end":{"line":62,"column":51}},"30":{"start":{"line":64,"column":29},"end":{"line":64,"column":65}},"31":{"start":{"line":66,"column":12},"end":{"line":84,"column":17}},"32":{"start":{"line":72,"column":32},"end":{"line":72,"column":72}},"33":{"start":{"line":73,"column":16},"end":{"line":80,"column":19}},"34":{"start":{"line":83,"column":16},"end":{"line":83,"column":33}},"35":{"start":{"line":88,"column":8},"end":{"line":88,"column":25}},"36":{"start":{"line":94,"column":26},"end":{"line":94,"column":36}},"37":{"start":{"line":95,"column":80},"end":{"line":95,"column":90}},"38":{"start":{"line":98,"column":4},"end":{"line":109,"column":6}},"39":{"start":{"line":99,"column":50},"end":{"line":99,"column":86}}},"fnMap":{"0":{"name":"(anonymous_0)","decl":{"start":{"line":5,"column":2},"end":{"line":5,"column":3}},"loc":{"start":{"line":5,"column":21},"end":{"line":17,"column":3}},"line":5},"1":{"name":"(anonymous_1)","decl":{"start":{"line":19,"column":2},"end":{"line":19,"column":3}},"loc":{"start":{"line":19,"column":22},"end":{"line":21,"column":3}},"line":19},"2":{"name":"(anonymous_2)","decl":{"start":{"line":23,"column":2},"end":{"line":23,"column":3}},"loc":{"start":{"line":23,"column":24},"end":{"line":33,"column":3}},"line":23},"3":{"name":"(anonymous_3)","decl":{"start":{"line":35,"column":2},"end":{"line":35,"column":3}},"loc":{"start":{"line":35,"column":15},"end":{"line":90,"column":3}},"line":35},"4":{"name":"(anonymous_4)","decl":{"start":{"line":40,"column":12},"end":{"line":40,"column":13}},"loc":{"start":{"line":40,"column":26},"end":{"line":86,"column":7}},"line":40},"5":{"name":"(anonymous_5)","decl":{"start":{"line":46,"column":16},"end":{"line":46,"column":17}},"loc":{"start":{"line":46,"column":30},"end":{"line":85,"column":11}},"line":46},"6":{"name":"(anonymous_6)","decl":{"start":{"line":71,"column":20},"end":{"line":71,"column":21}},"loc":{"start":{"line":71,"column":34},"end":{"line":81,"column":15}},"line":71},"7":{"name":"(anonymous_7)","decl":{"start":{"line":82,"column":21},"end":{"line":82,"column":22}},"loc":{"start":{"line":82,"column":30},"end":{"line":84,"column":15}},"line":82},"8":{"name":"(anonymous_8)","decl":{"start":{"line":87,"column":13},"end":{"line":87,"column":14}},"loc":{"start":{"line":87,"column":22},"end":{"line":89,"column":7}},"line":87},"9":{"name":"(anonymous_9)","decl":{"start":{"line":92,"column":2},"end":{"line":92,"column":3}},"loc":{"start":{"line":92,"column":11},"end":{"line":110,"column":3}},"line":92},"10":{"name":"(anonymous_10)","decl":{"start":{"line":99,"column":43},"end":{"line":99,"column":44}},"loc":{"start":{"line":99,"column":50},"end":{"line":99,"column":86}},"line":99}},"branchMap":{"0":{"loc":{"start":{"line":32,"column":11},"end":{"line":32,"column":40}},"type":"binary-expr","locations":[{"start":{"line":32,"column":11},"end":{"line":32,"column":20}},{"start":{"line":32,"column":24},"end":{"line":32,"column":40}}],"line":32},"1":{"loc":{"start":{"line":52,"column":14},"end":{"line":55,"column":15}},"type":"if","locations":[{"start":{"line":52,"column":14},"end":{"line":55,"column":15}},{"start":{},"end":{}}],"line":52},"2":{"loc":{"start":{"line":56,"column":14},"end":{"line":58,"column":15}},"type":"if","locations":[{"start":{"line":56,"column":14},"end":{"line":58,"column":15}},{"start":{},"end":{}}],"line":56},"3":{"loc":{"start":{"line":56,"column":18},"end":{"line":56,"column":67}},"type":"binary-expr","locations":[{"start":{"line":56,"column":18},"end":{"line":56,"column":42}},{"start":{"line":56,"column":46},"end":{"line":56,"column":67}}],"line":56},"4":{"loc":{"start":{"line":105,"column":35},"end":{"line":105,"column":61}},"type":"binary-expr","locations":[{"start":{"line":105,"column":35},"end":{"line":105,"column":44}},{"start":{"line":105,"column":48},"end":{"line":105,"column":61}}],"line":105}},"s":{"0":1,"1":1,"2":1,"3":1,"4":1,"5":0,"6":0,"7":0,"8":0,"9":0,"10":0,"11":0,"12":0,"13":1,"14":1,"15":1,"16":1,"17":1,"18":1,"19":1,"20":1,"21":1,"22":1,"23":0,"24":0,"25":0,"26":0,"27":0,"28":0,"29":0,"30":0,"31":0,"32":0,"33":0,"34":0,"35":0,"36":1,"37":1,"38":1,"39":0},"f":{"0":1,"1":1,"2":0,"3":1,"4":1,"5":1,"6":0,"7":0,"8":0,"9":1,"10":0},"b":{"0":[0,0],"1":[0,0],"2":[0,0],"3":[0,0],"4":[1,1]},"_coverageSchema":"1a1c01bbd47fc00a2c39e90264f33305004495a9","hash":"a6888d93fbeda62de087248da9882d0f1f5ef072"}
,"/Users/jerremystroman/Hackreactor/rfp2202-FEC/src/components/relatedItems/CardList.jsx": {"path":"/Users/jerremystroman/Hackreactor/rfp2202-FEC/src/components/relatedItems/CardList.jsx","statementMap":{"0":{"start":{"line":8,"column":4},"end":{"line":8,"column":17}},"1":{"start":{"line":9,"column":4},"end":{"line":11,"column":6}},"2":{"start":{"line":16,"column":26},"end":{"line":16,"column":36}},"3":{"start":{"line":18,"column":4},"end":{"line":25,"column":9}},"4":{"start":{"line":20,"column":8},"end":{"line":20,"column":76}},"5":{"start":{"line":21,"column":8},"end":{"line":21,"column":53}},"6":{"start":{"line":24,"column":8},"end":{"line":24,"column":25}},"7":{"start":{"line":29,"column":29},"end":{"line":29,"column":39}},"8":{"start":{"line":30,"column":31},"end":{"line":30,"column":41}},"9":{"start":{"line":31,"column":22},"end":{"line":31,"column":48}},"10":{"start":{"line":32,"column":21},"end":{"line":39,"column":6}},"11":{"start":{"line":33,"column":6},"end":{"line":38,"column":8}},"12":{"start":{"line":40,"column":4},"end":{"line":42,"column":6}}},"fnMap":{"0":{"name":"(anonymous_0)","decl":{"start":{"line":7,"column":2},"end":{"line":7,"column":3}},"loc":{"start":{"line":7,"column":21},"end":{"line":12,"column":3}},"line":7},"1":{"name":"(anonymous_1)","decl":{"start":{"line":14,"column":2},"end":{"line":14,"column":3}},"loc":{"start":{"line":14,"column":22},"end":{"line":26,"column":3}},"line":14},"2":{"name":"(anonymous_2)","decl":{"start":{"line":19,"column":12},"end":{"line":19,"column":13}},"loc":{"start":{"line":19,"column":26},"end":{"line":22,"column":7}},"line":19},"3":{"name":"(anonymous_3)","decl":{"start":{"line":23,"column":13},"end":{"line":23,"column":14}},"loc":{"start":{"line":23,"column":22},"end":{"line":25,"column":7}},"line":23},"4":{"name":"(anonymous_4)","decl":{"start":{"line":28,"column":2},"end":{"line":28,"column":3}},"loc":{"start":{"line":28,"column":11},"end":{"line":43,"column":3}},"line":28},"5":{"name":"(anonymous_5)","decl":{"start":{"line":32,"column":37},"end":{"line":32,"column":38}},"loc":{"start":{"line":32,"column":52},"end":{"line":39,"column":5}},"line":32}},"branchMap":{"0":{"loc":{"start":{"line":18,"column":30},"end":{"line":18,"column":48}},"type":"binary-expr","locations":[{"start":{"line":18,"column":30},"end":{"line":18,"column":39}},{"start":{"line":18,"column":43},"end":{"line":18,"column":48}}],"line":18}},"s":{"0":1,"1":1,"2":1,"3":1,"4":0,"5":0,"6":0,"7":1,"8":1,"9":1,"10":1,"11":0,"12":1},"f":{"0":1,"1":1,"2":0,"3":0,"4":1,"5":0},"b":{"0":[1,1]},"_coverageSchema":"1a1c01bbd47fc00a2c39e90264f33305004495a9","hash":"f627295e0cebdd4597051c9eea67b1af0cb0eeb6"}
,"/Users/jerremystroman/Hackreactor/rfp2202-FEC/src/components/relatedItems/RelatedItems.jsx": {"path":"/Users/jerremystroman/Hackreactor/rfp2202-FEC/src/components/relatedItems/RelatedItems.jsx","statementMap":{"0":{"start":{"line":6,"column":4},"end":{"line":6,"column":17}},"1":{"start":{"line":7,"column":4},"end":{"line":9,"column":6}},"2":{"start":{"line":13,"column":4},"end":{"line":21,"column":6}}},"fnMap":{"0":{"name":"(anonymous_0)","decl":{"start":{"line":5,"column":2},"end":{"line":5,"column":3}},"loc":{"start":{"line":5,"column":21},"end":{"line":10,"column":3}},"line":5},"1":{"name":"(anonymous_1)","decl":{"start":{"line":12,"column":2},"end":{"line":12,"column":3}},"loc":{"start":{"line":12,"column":11},"end":{"line":22,"column":3}},"line":12}},"branchMap":{},"s":{"0":1,"1":1,"2":1},"f":{"0":1,"1":1},"b":{},"_coverageSchema":"1a1c01bbd47fc00a2c39e90264f33305004495a9","hash":"c7138ec6e32a564eb4b2120aabb115a11c6d3cd5"}
}
